<?xml version="1.0" encoding="UTF-8"?>
<!-- Generated by org.testng.reporters.JUnitReportReporter -->
<testsuite skipped="0" hostname="IBM-Testing01" name="com.training.sanity.tests.ManageLoansTests" tests="1" failures="0" timestamp="14 Jan 2020 06:16:09 GMT" time="17.748" errors="0">
  <testcase name="ManageLoan" time="17.748" classname="com.training.sanity.tests.ManageLoansTests"/>
</testsuite> <!-- com.training.sanity.tests.ManageLoansTests -->
