<?xml version="1.0" encoding="UTF-8"?>
<!-- Generated by org.testng.reporters.JUnitReportReporter -->
<testsuite skipped="0" hostname="IBM-Testing01" name="com.training.sanity.tests.ManageLoansTestsCYTC_26" tests="1" failures="0" timestamp="17 Jan 2020 09:44:36 GMT" time="18.435" errors="0">
  <testcase name="ManageLoan" time="18.435" classname="com.training.sanity.tests.ManageLoansTestsCYTC_26"/>
</testsuite> <!-- com.training.sanity.tests.ManageLoansTestsCYTC_26 -->
